{"contracts\\DEX.sol":{"l":{"36":81,"37":81,"38":81,"39":81,"51":30,"54":28,"55":28,"57":28,"59":25,"60":25,"63":24,"64":24,"66":24,"69":3,"70":3,"73":3,"74":3,"78":27,"79":27,"80":27,"81":27,"83":27,"95":8,"96":8,"99":6,"100":6,"102":6,"105":6,"106":6,"107":6,"108":6,"111":6,"112":6,"114":6,"125":13,"126":12,"129":12,"130":12,"131":12,"134":12,"135":12,"138":12,"139":12,"141":12,"152":1,"153":1,"156":1,"157":1,"158":1,"161":1,"162":1,"165":1,"166":1,"168":1,"174":8,"175":7,"182":13,"183":13,"196":15,"197":15,"200":15,"201":15,"202":15,"203":15,"210":25,"211":25,"212":25,"213":25,"214":1737,"215":1737,"218":0},"path":"C:\\Users\\thahe\\Desktop\\Decentralized-Exchange-with-Automated-Market-Maker-Protocol\\contracts\\DEX.sol","s":{"1":81,"2":81,"3":30,"4":28,"5":28,"6":28,"7":25,"8":3,"9":3,"10":3,"11":27,"12":8,"13":8,"14":6,"15":6,"16":6,"17":6,"18":13,"19":12,"20":12,"21":12,"22":12,"23":12,"24":12,"25":1,"26":1,"27":1,"28":1,"29":1,"30":1,"31":1,"32":8,"33":15,"34":15,"35":15,"36":15,"37":15,"38":25,"39":25,"40":25,"41":0},"b":{"1":[81,0],"2":[81,0],"3":[30,0],"4":[28,2],"5":[25,3],"6":[24,1],"7":[0,3],"8":[3,0],"9":[8,0],"10":[8,0],"11":[6,2],"12":[6,0],"13":[13,0],"14":[12,1],"15":[12,0],"16":[12,0],"17":[12,0],"18":[1,0],"19":[1,0],"20":[1,0],"21":[1,0],"22":[1,0],"23":[7,1],"24":[15,0],"25":[15,0],"26":[25,0],"27":[0,0]},"f":{"1":81,"2":30,"3":8,"4":13,"5":1,"6":8,"7":13,"8":15,"9":25},"fnMap":{"1":{"name":"constructor","line":35,"loc":{"start":{"line":35,"column":4},"end":{"line":40,"column":4}}},"2":{"name":"addLiquidity","line":48,"loc":{"start":{"line":46,"column":4},"end":{"line":84,"column":4}}},"3":{"name":"removeLiquidity","line":92,"loc":{"start":{"line":90,"column":4},"end":{"line":115,"column":4}}},"4":{"name":"swapAForB","line":122,"loc":{"start":{"line":120,"column":4},"end":{"line":142,"column":4}}},"5":{"name":"swapBForA","line":149,"loc":{"start":{"line":147,"column":4},"end":{"line":169,"column":4}}},"6":{"name":"getPrice","line":173,"loc":{"start":{"line":173,"column":4},"end":{"line":176,"column":4}}},"7":{"name":"getReserves","line":181,"loc":{"start":{"line":181,"column":4},"end":{"line":184,"column":4}}},"8":{"name":"getAmountOut","line":191,"loc":{"start":{"line":191,"column":4},"end":{"line":204,"column":4}}},"9":{"name":"sqrt","line":209,"loc":{"start":{"line":209,"column":4},"end":{"line":220,"column":4}}}},"statementMap":{"1":{"start":{"line":36,"column":8},"end":{"line":36,"column":89}},"2":{"start":{"line":37,"column":8},"end":{"line":37,"column":62}},"3":{"start":{"line":51,"column":8},"end":{"line":51,"column":79}},"4":{"start":{"line":54,"column":8},"end":{"line":54,"column":74}},"5":{"start":{"line":55,"column":8},"end":{"line":55,"column":74}},"6":{"start":{"line":57,"column":8},"end":{"line":57,"column":2352}},"7":{"start":{"line":60,"column":12},"end":{"line":60,"column":88}},"8":{"start":{"line":69,"column":12},"end":{"line":69,"column":70}},"9":{"start":{"line":70,"column":12},"end":{"line":70,"column":70}},"10":{"start":{"line":74,"column":12},"end":{"line":74,"column":72}},"11":{"start":{"line":83,"column":8},"end":{"line":83,"column":74}},"12":{"start":{"line":95,"column":8},"end":{"line":95,"column":71}},"13":{"start":{"line":96,"column":8},"end":{"line":96,"column":82}},"14":{"start":{"line":102,"column":8},"end":{"line":102,"column":75}},"15":{"start":{"line":111,"column":8},"end":{"line":111,"column":55}},"16":{"start":{"line":112,"column":8},"end":{"line":112,"column":55}},"17":{"start":{"line":114,"column":8},"end":{"line":114,"column":76}},"18":{"start":{"line":125,"column":8},"end":{"line":125,"column":65}},"19":{"start":{"line":126,"column":8},"end":{"line":126,"column":70}},"20":{"start":{"line":130,"column":8},"end":{"line":130,"column":60}},"21":{"start":{"line":131,"column":8},"end":{"line":131,"column":61}},"22":{"start":{"line":134,"column":8},"end":{"line":134,"column":76}},"23":{"start":{"line":135,"column":8},"end":{"line":135,"column":58}},"24":{"start":{"line":141,"column":8},"end":{"line":141,"column":68}},"25":{"start":{"line":152,"column":8},"end":{"line":152,"column":65}},"26":{"start":{"line":153,"column":8},"end":{"line":153,"column":70}},"27":{"start":{"line":157,"column":8},"end":{"line":157,"column":60}},"28":{"start":{"line":158,"column":8},"end":{"line":158,"column":61}},"29":{"start":{"line":161,"column":8},"end":{"line":161,"column":76}},"30":{"start":{"line":162,"column":8},"end":{"line":162,"column":58}},"31":{"start":{"line":168,"column":8},"end":{"line":168,"column":68}},"32":{"start":{"line":174,"column":8},"end":{"line":174,"column":44}},"33":{"start":{"line":196,"column":8},"end":{"line":196,"column":57}},"34":{"start":{"line":197,"column":8},"end":{"line":197,"column":73}},"35":{"start":{"line":200,"column":8},"end":{"line":200,"column":58}},"36":{"start":{"line":201,"column":8},"end":{"line":201,"column":56}},"37":{"start":{"line":202,"column":8},"end":{"line":202,"column":77}},"38":{"start":{"line":210,"column":8},"end":{"line":210,"column":8600}},"39":{"start":{"line":212,"column":12},"end":{"line":212,"column":33}},"40":{"start":{"line":213,"column":12},"end":{"line":213,"column":8683}},"41":{"start":{"line":217,"column":15},"end":{"line":217,"column":8784}}},"branchMap":{"1":{"line":36,"type":"if","locations":[{"start":{"line":36,"column":8},"end":{"line":36,"column":8}},{"start":{"line":36,"column":8},"end":{"line":36,"column":8}}]},"2":{"line":37,"type":"if","locations":[{"start":{"line":37,"column":8},"end":{"line":37,"column":8}},{"start":{"line":37,"column":8},"end":{"line":37,"column":8}}]},"3":{"line":48,"type":"if","locations":[{"start":{"line":48,"column":8},"end":{"line":48,"column":8}},{"start":{"line":48,"column":8},"end":{"line":48,"column":8}}]},"4":{"line":51,"type":"if","locations":[{"start":{"line":51,"column":8},"end":{"line":51,"column":8}},{"start":{"line":51,"column":8},"end":{"line":51,"column":8}}]},"5":{"line":57,"type":"if","locations":[{"start":{"line":57,"column":8},"end":{"line":57,"column":8}},{"start":{"line":57,"column":8},"end":{"line":57,"column":8}}]},"6":{"line":60,"type":"if","locations":[{"start":{"line":60,"column":12},"end":{"line":60,"column":12}},{"start":{"line":60,"column":12},"end":{"line":60,"column":12}}]},"7":{"line":73,"type":"if","locations":[{"start":{"line":73,"column":56},"end":{"line":73,"column":65}},{"start":{"line":73,"column":69},"end":{"line":73,"column":78}}]},"8":{"line":74,"type":"if","locations":[{"start":{"line":74,"column":12},"end":{"line":74,"column":12}},{"start":{"line":74,"column":12},"end":{"line":74,"column":12}}]},"9":{"line":92,"type":"if","locations":[{"start":{"line":92,"column":8},"end":{"line":92,"column":8}},{"start":{"line":92,"column":8},"end":{"line":92,"column":8}}]},"10":{"line":95,"type":"if","locations":[{"start":{"line":95,"column":8},"end":{"line":95,"column":8}},{"start":{"line":95,"column":8},"end":{"line":95,"column":8}}]},"11":{"line":96,"type":"if","locations":[{"start":{"line":96,"column":8},"end":{"line":96,"column":8}},{"start":{"line":96,"column":8},"end":{"line":96,"column":8}}]},"12":{"line":102,"type":"if","locations":[{"start":{"line":102,"column":8},"end":{"line":102,"column":8}},{"start":{"line":102,"column":8},"end":{"line":102,"column":8}}]},"13":{"line":122,"type":"if","locations":[{"start":{"line":122,"column":8},"end":{"line":122,"column":8}},{"start":{"line":122,"column":8},"end":{"line":122,"column":8}}]},"14":{"line":125,"type":"if","locations":[{"start":{"line":125,"column":8},"end":{"line":125,"column":8}},{"start":{"line":125,"column":8},"end":{"line":125,"column":8}}]},"15":{"line":126,"type":"if","locations":[{"start":{"line":126,"column":8},"end":{"line":126,"column":8}},{"start":{"line":126,"column":8},"end":{"line":126,"column":8}}]},"16":{"line":130,"type":"if","locations":[{"start":{"line":130,"column":8},"end":{"line":130,"column":8}},{"start":{"line":130,"column":8},"end":{"line":130,"column":8}}]},"17":{"line":131,"type":"if","locations":[{"start":{"line":131,"column":8},"end":{"line":131,"column":8}},{"start":{"line":131,"column":8},"end":{"line":131,"column":8}}]},"18":{"line":149,"type":"if","locations":[{"start":{"line":149,"column":8},"end":{"line":149,"column":8}},{"start":{"line":149,"column":8},"end":{"line":149,"column":8}}]},"19":{"line":152,"type":"if","locations":[{"start":{"line":152,"column":8},"end":{"line":152,"column":8}},{"start":{"line":152,"column":8},"end":{"line":152,"column":8}}]},"20":{"line":153,"type":"if","locations":[{"start":{"line":153,"column":8},"end":{"line":153,"column":8}},{"start":{"line":153,"column":8},"end":{"line":153,"column":8}}]},"21":{"line":157,"type":"if","locations":[{"start":{"line":157,"column":8},"end":{"line":157,"column":8}},{"start":{"line":157,"column":8},"end":{"line":157,"column":8}}]},"22":{"line":158,"type":"if","locations":[{"start":{"line":158,"column":8},"end":{"line":158,"column":8}},{"start":{"line":158,"column":8},"end":{"line":158,"column":8}}]},"23":{"line":174,"type":"if","locations":[{"start":{"line":174,"column":8},"end":{"line":174,"column":8}},{"start":{"line":174,"column":8},"end":{"line":174,"column":8}}]},"24":{"line":196,"type":"if","locations":[{"start":{"line":196,"column":8},"end":{"line":196,"column":8}},{"start":{"line":196,"column":8},"end":{"line":196,"column":8}}]},"25":{"line":197,"type":"if","locations":[{"start":{"line":197,"column":8},"end":{"line":197,"column":8}},{"start":{"line":197,"column":8},"end":{"line":197,"column":8}}]},"26":{"line":210,"type":"if","locations":[{"start":{"line":210,"column":8},"end":{"line":210,"column":8}},{"start":{"line":210,"column":8},"end":{"line":210,"column":8}}]},"27":{"line":217,"type":"if","locations":[{"start":{"line":217,"column":15},"end":{"line":217,"column":15}},{"start":{"line":217,"column":15},"end":{"line":217,"column":15}}]}}},"contracts\\MockERC20.sol":{"l":{"15":162,"22":108},"path":"C:\\Users\\thahe\\Desktop\\Decentralized-Exchange-with-Automated-Market-Maker-Protocol\\contracts\\MockERC20.sol","s":{"1":162,"2":108},"b":{},"f":{"1":162,"2":108},"fnMap":{"1":{"name":"constructor","line":14,"loc":{"start":{"line":14,"column":4},"end":{"line":16,"column":4}}},"2":{"name":"mint","line":21,"loc":{"start":{"line":21,"column":4},"end":{"line":23,"column":4}}}},"statementMap":{"1":{"start":{"line":15,"column":8},"end":{"line":15,"column":42}},"2":{"start":{"line":22,"column":8},"end":{"line":22,"column":24}}},"branchMap":{}}}